#
# There is insufficient memory for the Java Runtime Environment to continue.
# Native memory allocation (mmap) failed to map 147849216 bytes for committing reserved memory.
# Possible reasons:
#   The system is out of physical RAM or swap space
#   In 32 bit mode, the process size limit was hit
# Possible solutions:
#   Reduce memory load on the system
#   Increase physical memory or swap space
#   Check if swap backing store is full
#   Use 64 bit Java on a 64 bit OS
#   Decrease Java heap size (-Xmx/-Xms)
#   Decrease number of Java threads
#   Decrease Java thread stack sizes (-Xss)
#   Set larger code cache with -XX:ReservedCodeCacheSize=
# This output file may be truncated or incomplete.
#
#  Out of Memory Error (os_linux.cpp:2673), pid=19808, tid=139773155960576
#
# JRE version: OpenJDK Runtime Environment (8.0_45-b14) (build 1.8.0_45-b14)
# Java VM: OpenJDK 64-Bit Server VM (25.45-b02 mixed mode linux-amd64 compressed oops)
# Failed to write core dump. Core dumps have been disabled. To enable core dumping, try "ulimit -c unlimited" before starting Java again
#

---------------  T H R E A D  ---------------

Current thread (0x00007f1f90076000):  VMThread [stack: 0x00007f1f793f6000,0x00007f1f794f7000] [id=19832]

Stack: [0x00007f1f793f6000,0x00007f1f794f7000],  sp=0x00007f1f794f54d0,  free space=1021k
Native frames: (J=compiled Java code, j=interpreted, Vv=VM code, C=native code)
V  [libjvm.so+0xa8fdcd]
V  [libjvm.so+0x4e85bc]
V  [libjvm.so+0x8df300]
V  [libjvm.so+0x8d9ace]
V  [libjvm.so+0x95408b]
V  [libjvm.so+0x9553f3]
V  [libjvm.so+0x95207e]
V  [libjvm.so+0x95236c]
V  [libjvm.so+0x904c93]
V  [libjvm.so+0xa91842]
V  [libjvm.so+0xa96327]
V  [libjvm.so+0xa9462c]
V  [libjvm.so+0xa94e47]
V  [libjvm.so+0xa95381]
V  [libjvm.so+0x8dc802]

VM_Operation (0x00007f1f9779dad0): ParallelGCFailedAllocation, mode: safepoint, requested by thread 0x00007f1f90008800


---------------  P R O C E S S  ---------------

Java Threads: ( => current thread )
  0x00007f1f900c0000 JavaThread "Service Thread" daemon [_thread_blocked, id=19866, stack(0x00007f1f789f8000,0x00007f1f78af9000)]
  0x00007f1f900ba800 JavaThread "C1 CompilerThread2" daemon [_thread_blocked, id=19863, stack(0x00007f1f78af9000,0x00007f1f78bfa000)]
  0x00007f1f900b9000 JavaThread "C2 CompilerThread1" daemon [_thread_blocked, id=19862, stack(0x00007f1f78bfa000,0x00007f1f78cfb000)]
  0x00007f1f900b6000 JavaThread "C2 CompilerThread0" daemon [_thread_blocked, id=19861, stack(0x00007f1f78cfb000,0x00007f1f78dfc000)]
  0x00007f1f900b4800 JavaThread "Signal Dispatcher" daemon [_thread_blocked, id=19860, stack(0x00007f1f78dfc000,0x00007f1f78efd000)]
  0x00007f1f9007d000 JavaThread "Finalizer" daemon [_thread_blocked, id=19837, stack(0x00007f1f791f4000,0x00007f1f792f5000)]
  0x00007f1f9007b000 JavaThread "Reference Handler" daemon [_thread_blocked, id=19834, stack(0x00007f1f792f5000,0x00007f1f793f6000)]
  0x00007f1f90008800 JavaThread "main" [_thread_blocked, id=19812, stack(0x00007f1f9769f000,0x00007f1f977a0000)]

Other Threads:
=>0x00007f1f90076000 VMThread [stack: 0x00007f1f793f6000,0x00007f1f794f7000] [id=19832]
  0x00007f1f900c2800 WatcherThread [stack: 0x00007f1f788f7000,0x00007f1f789f8000] [id=19868]

VM state:at safepoint (normal execution)

VM Mutex/Monitor currently owned by a thread:  ([mutex/lock_event])
[0x00007f1f900063c0] Threads_lock - owner thread: 0x00007f1f90076000
[0x00007f1f900068c0] Heap_lock - owner thread: 0x00007f1f90008800

Heap:
 PSYoungGen      total 141824K, used 16894K [0x00000000eab00000, 0x00000000f4800000, 0x0000000100000000)
  eden space 124928K, 0% used [0x00000000eab00000,0x00000000eab00000,0x00000000f2500000)
  from space 16896K, 99% used [0x00000000f2500000,0x00000000f357f9b0,0x00000000f3580000)
  to   space 14848K, 0% used [0x00000000f3580000,0x00000000f3580000,0x00000000f4400000)
 ParOldGen       total 84992K, used 41260K [0x00000000c0000000, 0x00000000c5300000, 0x00000000eab00000)
  object space 84992K, 48% used [0x00000000c0000000,0x00000000c284b130,0x00000000c5300000)
 Metaspace       used 6008K, capacity 7152K, committed 7296K, reserved 1056768K
  class space    used 553K, capacity 616K, committed 640K, reserved 1048576K

Card table byte_map: [0x00007f1f946fb000,0x00007f1f948fc000] byte_map_base: 0x00007f1f940fb000

Marking Bits: (ParMarkBitMap*) 0x00007f1f9699a680
 Begin Bits: [0x00007f1f7a000000, 0x00007f1f7b000000)
 End Bits:   [0x00007f1f7b000000, 0x00007f1f7c000000)

Polling page: 0x00007f1f977ce000

CodeCache: size=245760Kb used=8367Kb max_used=8380Kb free=237392Kb
 bounds [0x00007f1f81000000, 0x00007f1f81840000, 0x00007f1f90000000]
 total_blobs=2121 nmethods=1860 adapters=176
 compilation: enabled

Compilation events (10 events):
Event: 12.605 Thread 0x00007f1f900ba800 nmethod 1933 0x00007f1f81800f90 code [0x00007f1f81801100, 0x00007f1f81801348]
Event: 12.606 Thread 0x00007f1f900ba800 1934       2       com.android.dx.ssa.SsaBasicBlock::addPhiInsnForReg (18 bytes)
Event: 12.606 Thread 0x00007f1f900ba800 nmethod 1934 0x00007f1f818007d0 code [0x00007f1f81800960, 0x00007f1f81800d28]
Event: 12.607 Thread 0x00007f1f900ba800 1935       2       com.android.dx.ssa.PhiInsn::<init> (29 bytes)
Event: 12.607 Thread 0x00007f1f900ba800 nmethod 1935 0x00007f1f818001d0 code [0x00007f1f81800360, 0x00007f1f81800678]
Event: 12.640 Thread 0x00007f1f900ba800 1937       2       com.android.dx.dex.code.RopTranslator$TranslationVisitor::addOutputSuffix (9 bytes)
Event: 12.641 Thread 0x00007f1f900ba800 nmethod 1937 0x00007f1f817ffb90 code [0x00007f1f817ffd00, 0x00007f1f817fff88]
Event: 12.641 Thread 0x00007f1f900ba800 1938       2       com.android.dx.dex.code.OutputCollector::addSuffix (10 bytes)
Event: 12.642 Thread 0x00007f1f900ba800 nmethod 1938 0x00007f1f8181d750 code [0x00007f1f8181d8c0, 0x00007f1f8181db48]
Event: 15.102 Thread 0x00007f1f900ba800 1939       1       com.android.dx.ssa.LiteralOpUpgrader$1::visitPhiInsn (1 bytes)

GC Heap History (10 events):
Event: 5.031 GC heap after
Heap after GC invocations=2 (full 0):
 PSYoungGen      total 36864K, used 5114K [0x00000000eab00000, 0x00000000ef300000, 0x0000000100000000)
  eden space 31744K, 0% used [0x00000000eab00000,0x00000000eab00000,0x00000000eca00000)
  from space 5120K, 99% used [0x00000000ecf00000,0x00000000ed3fe9a0,0x00000000ed400000)
  to   space 5120K, 0% used [0x00000000eca00000,0x00000000eca00000,0x00000000ecf00000)
 ParOldGen       total 84992K, used 6007K [0x00000000c0000000, 0x00000000c5300000, 0x00000000eab00000)
  object space 84992K, 7% used [0x00000000c0000000,0x00000000c05ddf58,0x00000000c5300000)
 Metaspace       used 5753K, capacity 7024K, committed 7296K, reserved 1056768K
  class space    used 529K, capacity 616K, committed 640K, reserved 1048576K
}
Event: 5.801 GC heap before
{Heap before GC invocations=3 (full 0):
 PSYoungGen      total 36864K, used 36858K [0x00000000eab00000, 0x00000000ef300000, 0x0000000100000000)
  eden space 31744K, 100% used [0x00000000eab00000,0x00000000eca00000,0x00000000eca00000)
  from space 5120K, 99% used [0x00000000ecf00000,0x00000000ed3fe9a0,0x00000000ed400000)
  to   space 5120K, 0% used [0x00000000eca00000,0x00000000eca00000,0x00000000ecf00000)
 ParOldGen       total 84992K, used 6007K [0x00000000c0000000, 0x00000000c5300000, 0x00000000eab00000)
  object space 84992K, 7% used [0x00000000c0000000,0x00000000c05ddf58,0x00000000c5300000)
 Metaspace       used 5837K, capacity 7088K, committed 7296K, reserved 1056768K
  class space    used 535K, capacity 616K, committed 640K, reserved 1048576K
Event: 5.861 GC heap after
Heap after GC invocations=3 (full 0):
 PSYoungGen      total 36864K, used 5115K [0x00000000eab00000, 0x00000000ef300000, 0x0000000100000000)
  eden space 31744K, 0% used [0x00000000eab00000,0x00000000eab00000,0x00000000eca00000)
  from space 5120K, 99% used [0x00000000eca00000,0x00000000ecefec48,0x00000000ecf00000)
  to   space 5120K, 0% used [0x00000000eee00000,0x00000000eee00000,0x00000000ef300000)
 ParOldGen       total 84992K, used 10958K [0x00000000c0000000, 0x00000000c5300000, 0x00000000eab00000)
  object space 84992K, 12% used [0x00000000c0000000,0x00000000c0ab3b98,0x00000000c5300000)
 Metaspace       used 5837K, capacity 7088K, committed 7296K, reserved 1056768K
  class space    used 535K, capacity 616K, committed 640K, reserved 1048576K
}
Event: 7.141 GC heap before
{Heap before GC invocations=4 (full 0):
 PSYoungGen      total 36864K, used 36859K [0x00000000eab00000, 0x00000000ef300000, 0x0000000100000000)
  eden space 31744K, 100% used [0x00000000eab00000,0x00000000eca00000,0x00000000eca00000)
  from space 5120K, 99% used [0x00000000eca00000,0x00000000ecefec48,0x00000000ecf00000)
  to   space 5120K, 0% used [0x00000000eee00000,0x00000000eee00000,0x00000000ef300000)
 ParOldGen       total 84992K, used 10958K [0x00000000c0000000, 0x00000000c5300000, 0x00000000eab00000)
  object space 84992K, 12% used [0x00000000c0000000,0x00000000c0ab3b98,0x00000000c5300000)
 Metaspace       used 5940K, capacity 7088K, committed 7296K, reserved 1056768K
  class space    used 553K, capacity 616K, committed 640K, reserved 1048576K
Event: 7.194 GC heap after
Heap after GC invocations=4 (full 0):
 PSYoungGen      total 68608K, used 5106K [0x00000000eab00000, 0x00000000ef300000, 0x0000000100000000)
  eden space 63488K, 0% used [0x00000000eab00000,0x00000000eab00000,0x00000000ee900000)
  from space 5120K, 99% used [0x00000000eee00000,0x00000000ef2fc950,0x00000000ef300000)
  to   space 5120K, 0% used [0x00000000ee900000,0x00000000ee900000,0x00000000eee00000)
 ParOldGen       total 84992K, used 15630K [0x00000000c0000000, 0x00000000c5300000, 0x00000000eab00000)
  object space 84992K, 18% used [0x00000000c0000000,0x00000000c0f43940,0x00000000c5300000)
 Metaspace       used 5940K, capacity 7088K, committed 7296K, reserved 1056768K
  class space    used 553K, capacity 616K, committed 640K, reserved 1048576K
}
Event: 9.069 GC heap before
{Heap before GC invocations=5 (full 0):
 PSYoungGen      total 68608K, used 68594K [0x00000000eab00000, 0x00000000ef300000, 0x0000000100000000)
  eden space 63488K, 100% used [0x00000000eab00000,0x00000000ee900000,0x00000000ee900000)
  from space 5120K, 99% used [0x00000000eee00000,0x00000000ef2fc950,0x00000000ef300000)
  to   space 5120K, 0% used [0x00000000ee900000,0x00000000ee900000,0x00000000eee00000)
 ParOldGen       total 84992K, used 15630K [0x00000000c0000000, 0x00000000c5300000, 0x00000000eab00000)
  object space 84992K, 18% used [0x00000000c0000000,0x00000000c0f43940,0x00000000c5300000)
 Metaspace       used 5990K, capacity 7152K, committed 7296K, reserved 1056768K
  class space    used 553K, capacity 616K, committed 640K, reserved 1048576K
Event: 9.151 GC heap after
Heap after GC invocations=5 (full 0):
 PSYoungGen      total 68608K, used 5105K [0x00000000eab00000, 0x00000000f4400000, 0x0000000100000000)
  eden space 63488K, 0% used [0x00000000eab00000,0x00000000eab00000,0x00000000ee900000)
  from space 5120K, 99% used [0x00000000ee900000,0x00000000eedfc458,0x00000000eee00000)
  to   space 14848K, 0% used [0x00000000f3580000,0x00000000f3580000,0x00000000f4400000)
 ParOldGen       total 84992K, used 24657K [0x00000000c0000000, 0x00000000c5300000, 0x00000000eab00000)
  object space 84992K, 29% used [0x00000000c0000000,0x00000000c1814430,0x00000000c5300000)
 Metaspace       used 5990K, capacity 7152K, committed 7296K, reserved 1056768K
  class space    used 553K, capacity 616K, committed 640K, reserved 1048576K
}
Event: 10.035 GC heap before
{Heap before GC invocations=6 (full 0):
 PSYoungGen      total 68608K, used 68593K [0x00000000eab00000, 0x00000000f4400000, 0x0000000100000000)
  eden space 63488K, 100% used [0x00000000eab00000,0x00000000ee900000,0x00000000ee900000)
  from space 5120K, 99% used [0x00000000ee900000,0x00000000eedfc458,0x00000000eee00000)
  to   space 14848K, 0% used [0x00000000f3580000,0x00000000f3580000,0x00000000f4400000)
 ParOldGen       total 84992K, used 24657K [0x00000000c0000000, 0x00000000c5300000, 0x00000000eab00000)
  object space 84992K, 29% used [0x00000000c0000000,0x00000000c1814430,0x00000000c5300000)
 Metaspace       used 5996K, capacity 7152K, committed 7296K, reserved 1056768K
  class space    used 553K, capacity 616K, committed 640K, reserved 1048576K
Event: 10.153 GC heap after
Heap after GC invocations=6 (full 0):
 PSYoungGen      total 139776K, used 14817K [0x00000000eab00000, 0x00000000f4800000, 0x0000000100000000)
  eden space 124928K, 0% used [0x00000000eab00000,0x00000000eab00000,0x00000000f2500000)
  from space 14848K, 99% used [0x00000000f3580000,0x00000000f43f8770,0x00000000f4400000)
  to   space 16896K, 0% used [0x00000000f2500000,0x00000000f2500000,0x00000000f3580000)
 ParOldGen       total 84992K, used 25029K [0x00000000c0000000, 0x00000000c5300000, 0x00000000eab00000)
  object space 84992K, 29% used [0x00000000c0000000,0x00000000c18717f0,0x00000000c5300000)
 Metaspace       used 5996K, capacity 7152K, committed 7296K, reserved 1056768K
  class space    used 553K, capacity 616K, committed 640K, reserved 1048576K
}
Event: 17.133 GC heap before
{Heap before GC invocations=7 (full 0):
 PSYoungGen      total 139776K, used 139745K [0x00000000eab00000, 0x00000000f4800000, 0x0000000100000000)
  eden space 124928K, 100% used [0x00000000eab00000,0x00000000f2500000,0x00000000f2500000)
  from space 14848K, 99% used [0x00000000f3580000,0x00000000f43f8770,0x00000000f4400000)
  to   space 16896K, 0% used [0x00000000f2500000,0x00000000f2500000,0x00000000f3580000)
 ParOldGen       total 84992K, used 25029K [0x00000000c0000000, 0x00000000c5300000, 0x00000000eab00000)
  object space 84992K, 29% used [0x00000000c0000000,0x00000000c18717f0,0x00000000c5300000)
 Metaspace       used 6008K, capacity 7152K, committed 7296K, reserved 1056768K
  class space    used 553K, capacity 616K, committed 640K, reserved 1048576K

Deoptimization events (10 events):
Event: 6.741 Thread 0x00007f1f90008800 Uncommon trap: reason=unstable_if action=reinterpret pc=0x00007f1f814fb164 method=java.util.HashMap.putVal(ILjava/lang/Object;Ljava/lang/Object;ZZ)Ljava/lang/Object; @ 162
Event: 7.092 Thread 0x00007f1f90008800 Uncommon trap: reason=unstable_if action=reinterpret pc=0x00007f1f814394e8 method=java.util.HashMap.getNode(ILjava/lang/Object;)Ljava/util/HashMap$Node; @ 84
Event: 9.513 Thread 0x00007f1f90008800 Uncommon trap: reason=unstable_if action=reinterpret pc=0x00007f1f816e7588 method=java.util.HashMap.resize()[Ljava/util/HashMap$Node; @ 206
Event: 11.130 Thread 0x00007f1f90008800 Uncommon trap: reason=unstable_if action=reinterpret pc=0x00007f1f8168f1c0 method=com.android.dx.ssa.MoveParamCombiner$1.visitNonMoveInsn(Lcom/android/dx/ssa/NormalSsaInsn;)V @ 27
Event: 11.282 Thread 0x00007f1f90008800 Uncommon trap: reason=class_check action=maybe_recompile pc=0x00007f1f817658dc method=com.android.dx.cf.code.OneLocalsArray.set(ILcom/android/dx/rop/type/TypeBearer;)V @ 85
Event: 11.283 Thread 0x00007f1f90008800 Uncommon trap: reason=class_check action=maybe_recompile pc=0x00007f1f817658dc method=com.android.dx.cf.code.OneLocalsArray.set(ILcom/android/dx/rop/type/TypeBearer;)V @ 85
Event: 11.292 Thread 0x00007f1f90008800 Uncommon trap: reason=class_check action=maybe_recompile pc=0x00007f1f817658dc method=com.android.dx.cf.code.OneLocalsArray.set(ILcom/android/dx/rop/type/TypeBearer;)V @ 85
Event: 11.292 Thread 0x00007f1f90008800 Uncommon trap: reason=class_check action=maybe_recompile pc=0x00007f1f817658dc method=com.android.dx.cf.code.OneLocalsArray.set(ILcom/android/dx/rop/type/TypeBearer;)V @ 85
Event: 11.380 Thread 0x00007f1f90008800 Uncommon trap: reason=bimorphic action=maybe_recompile pc=0x00007f1f81711a84 method=com.android.dx.ssa.LiteralOpUpgrader.tryReplacingWithConstant(Lcom/android/dx/ssa/NormalSsaInsn;)Z @ 62
Event: 11.387 Thread 0x00007f1f90008800 Uncommon trap: reason=bimorphic action=maybe_recompile pc=0x00007f1f81711a84 method=com.android.dx.ssa.LiteralOpUpgrader.tryReplacingWithConstant(Lcom/android/dx/ssa/NormalSsaInsn;)Z @ 62

Internal exceptions (6 events):
Event: 0.045 Thread 0x00007f1f90008800 Exception <a 'java/lang/NoSuchMethodError': Method sun.misc.Unsafe.defineClass(Ljava/lang/String;[BII)Ljava/lang/Class; name or signature does not match> (0x00000000eab12a28) thrown at [/build/java8-openjdk/src/jdk8u-jdk8u45-b14/hotspot/src/share/vm/prims
Event: 0.045 Thread 0x00007f1f90008800 Exception <a 'java/lang/NoSuchMethodError': Method sun.misc.Unsafe.prefetchRead(Ljava/lang/Object;J)V name or signature does not match> (0x00000000eab12cb8) thrown at [/build/java8-openjdk/src/jdk8u-jdk8u45-b14/hotspot/src/share/vm/prims/jni.cpp, line 399
Event: 4.776 Thread 0x00007f1f90008800 Implicit null exception at 0x00007f1f8133a922 to 0x00007f1f8133aa13
Event: 5.946 Thread 0x00007f1f90008800 Exception <a 'java/lang/ArrayIndexOutOfBoundsException': 18> (0x00000000eae7ec80) thrown at [/build/java8-openjdk/src/jdk8u-jdk8u45-b14/hotspot/src/share/vm/interpreter/interpreterRuntime.cpp, line 366]
Event: 6.743 Thread 0x00007f1f90008800 Exception <a 'java/lang/ArrayIndexOutOfBoundsException'> (0x00000000ec53a190) thrown at [/build/java8-openjdk/src/jdk8u-jdk8u45-b14/hotspot/src/share/vm/runtime/sharedRuntime.cpp, line 605]
Event: 6.954 Thread 0x00007f1f90008800 Exception <a 'java/lang/ArrayIndexOutOfBoundsException'> (0x00000000ec53b3c8) thrown at [/build/java8-openjdk/src/jdk8u-jdk8u45-b14/hotspot/src/share/vm/runtime/sharedRuntime.cpp, line 605]

Events (10 events):
Event: 12.132 Thread 0x00007f1f90008800 DEOPT UNPACKING pc=0x00007f1f81047373 sp=0x00007f1f9779da00 mode 0
Event: 12.529 Thread 0x00007f1f90008800 DEOPT PACKING pc=0x00007f1f81689e5f sp=0x00007f1f9779e350
Event: 12.529 Thread 0x00007f1f90008800 DEOPT UNPACKING pc=0x00007f1f81047373 sp=0x00007f1f9779e038 mode 0
Event: 12.559 Thread 0x00007f1f90008800 DEOPT PACKING pc=0x00007f1f81451269 sp=0x00007f1f9779dbd0
Event: 12.559 Thread 0x00007f1f90008800 DEOPT UNPACKING pc=0x00007f1f81047373 sp=0x00007f1f9779da20 mode 0
Event: 12.604 Thread 0x00007f1f90008800 DEOPT PACKING pc=0x00007f1f81451269 sp=0x00007f1f9779dbd0
Event: 12.604 Thread 0x00007f1f90008800 DEOPT UNPACKING pc=0x00007f1f81047373 sp=0x00007f1f9779da20 mode 0
Event: 12.635 Thread 0x00007f1f90008800 DEOPT PACKING pc=0x00007f1f81451621 sp=0x00007f1f9779db20
Event: 12.635 Thread 0x00007f1f90008800 DEOPT UNPACKING pc=0x00007f1f81047373 sp=0x00007f1f9779d970 mode 0
Event: 16.166 Executing VM operation: ParallelGCFailedAllocation


Dynamic libraries:
00400000-00401000 r-xp 00000000 08:06 539321                             /usr/lib/jvm/java-8-openjdk/jre/bin/java
00600000-00601000 rw-p 00000000 08:06 539321                             /usr/lib/jvm/java-8-openjdk/jre/bin/java
013b1000-013d2000 rw-p 00000000 00:00 0                                  [heap]
c0000000-c5300000 rw-p 00000000 00:00 0 
c5300000-eab00000 ---p 00000000 00:00 0 
eab00000-f4800000 rw-p 00000000 00:00 0 
fd500000-100000000 ---p 00000000 00:00 0 
100000000-1000a0000 rw-p 00000000 00:00 0 
1000a0000-140000000 ---p 00000000 00:00 0 
7f1f48000000-7f1f48a14000 rw-p 00000000 00:00 0 
7f1f48a14000-7f1f4c000000 ---p 00000000 00:00 0 
7f1f4c000000-7f1f4c021000 rw-p 00000000 00:00 0 
7f1f4c021000-7f1f50000000 ---p 00000000 00:00 0 
7f1f50000000-7f1f50021000 rw-p 00000000 00:00 0 
7f1f50021000-7f1f54000000 ---p 00000000 00:00 0 
7f1f54000000-7f1f54cb4000 rw-p 00000000 00:00 0 
7f1f54cb4000-7f1f58000000 ---p 00000000 00:00 0 
7f1f58000000-7f1f58c29000 rw-p 00000000 00:00 0 
7f1f58c29000-7f1f5c000000 ---p 00000000 00:00 0 
7f1f5c000000-7f1f5c021000 rw-p 00000000 00:00 0 
7f1f5c021000-7f1f60000000 ---p 00000000 00:00 0 
7f1f60000000-7f1f60021000 rw-p 00000000 00:00 0 
7f1f60021000-7f1f64000000 ---p 00000000 00:00 0 
7f1f64000000-7f1f64021000 rw-p 00000000 00:00 0 
7f1f64021000-7f1f68000000 ---p 00000000 00:00 0 
7f1f68000000-7f1f68021000 rw-p 00000000 00:00 0 
7f1f68021000-7f1f6c000000 ---p 00000000 00:00 0 
7f1f6c000000-7f1f6c021000 rw-p 00000000 00:00 0 
7f1f6c021000-7f1f70000000 ---p 00000000 00:00 0 
7f1f70000000-7f1f70021000 rw-p 00000000 00:00 0 
7f1f70021000-7f1f74000000 ---p 00000000 00:00 0 
7f1f74000000-7f1f74021000 rw-p 00000000 00:00 0 
7f1f74021000-7f1f78000000 ---p 00000000 00:00 0 
7f1f788f7000-7f1f788f8000 ---p 00000000 00:00 0 
7f1f788f8000-7f1f789f8000 rw-p 00000000 00:00 0                          [stack:19868]
7f1f789f8000-7f1f789fb000 ---p 00000000 00:00 0 
7f1f789fb000-7f1f78af9000 rw-p 00000000 00:00 0                          [stack:19866]
7f1f78af9000-7f1f78afc000 ---p 00000000 00:00 0 
7f1f78afc000-7f1f78bfa000 rw-p 00000000 00:00 0                          [stack:19863]
7f1f78bfa000-7f1f78bfd000 ---p 00000000 00:00 0 
7f1f78bfd000-7f1f78cfb000 rw-p 00000000 00:00 0                          [stack:19862]
7f1f78cfb000-7f1f78cfe000 ---p 00000000 00:00 0 
7f1f78cfe000-7f1f78dfc000 rw-p 00000000 00:00 0                          [stack:19861]
7f1f78dfc000-7f1f78dff000 ---p 00000000 00:00 0 
7f1f78dff000-7f1f78efd000 rw-p 00000000 00:00 0                          [stack:19860]
7f1f78efd000-7f1f791f4000 r--p 00000000 08:06 2659110                    /usr/lib/locale/locale-archive
7f1f791f4000-7f1f791f7000 ---p 00000000 00:00 0 
7f1f791f7000-7f1f792f5000 rw-p 00000000 00:00 0                          [stack:19837]
7f1f792f5000-7f1f792f8000 ---p 00000000 00:00 0 
7f1f792f8000-7f1f793f6000 rw-p 00000000 00:00 0                          [stack:19834]
7f1f793f6000-7f1f793f7000 ---p 00000000 00:00 0 
7f1f793f7000-7f1f7c000000 rw-p 00000000 00:00 0                          [stack:19832]
7f1f7c000000-7f1f7c021000 rw-p 00000000 00:00 0 
7f1f7c021000-7f1f80000000 ---p 00000000 00:00 0 
7f1f8002d000-7f1f80633000 rw-p 00000000 00:00 0 
7f1f80633000-7f1f80800000 r--s 03bd3000 08:06 539263                     /usr/lib/jvm/java-8-openjdk/jre/lib/rt.jar
7f1f80800000-7f1f80e80000 rw-p 00000000 00:00 0 
7f1f80e80000-7f1f81000000 ---p 00000000 00:00 0 
7f1f81000000-7f1f81840000 rwxp 00000000 00:00 0 
7f1f81840000-7f1f90000000 ---p 00000000 00:00 0 
7f1f90000000-7f1f901e3000 rw-p 00000000 00:00 0 
7f1f901e3000-7f1f94000000 ---p 00000000 00:00 0 
7f1f9405a000-7f1f9406c000 r--s 000c6000 08:06 1186221                    /home/iliq/AndroidStudioProjects/MetLab/app/build/intermediates/exploded-aar/com.android.support/support-v4/22.1.1/jars/classes.jar
7f1f9406c000-7f1f9407b000 r--s 000dd000 08:06 1972099                    /home/iliq/Android/Sdk/build-tools/22.0.1/lib/dx.jar
7f1f9407b000-7f1f941a1000 rw-p 00000000 00:00 0 
7f1f941a1000-7f1f941a2000 ---p 00000000 00:00 0 
7f1f941a2000-7f1f942a2000 rw-p 00000000 00:00 0                          [stack:19824]
7f1f942a2000-7f1f942a3000 ---p 00000000 00:00 0 
7f1f942a3000-7f1f943a3000 rw-p 00000000 00:00 0                          [stack:19823]
7f1f943a3000-7f1f943a4000 ---p 00000000 00:00 0 
7f1f943a4000-7f1f944a4000 rw-p 00000000 00:00 0                          [stack:19822]
7f1f944a4000-7f1f944a5000 ---p 00000000 00:00 0 
7f1f944a5000-7f1f945cf000 rw-p 00000000 00:00 0                          [stack:19821]
7f1f945cf000-7f1f946fb000 ---p 00000000 00:00 0 
7f1f946fb000-7f1f94725000 rw-p 00000000 00:00 0 
7f1f94725000-7f1f94850000 ---p 00000000 00:00 0 
7f1f94850000-7f1f9489f000 rw-p 00000000 00:00 0 
7f1f9489f000-7f1f948fb000 ---p 00000000 00:00 0 
7f1f948fb000-7f1f9491d000 rw-p 00000000 00:00 0 
7f1f9491d000-7f1f94cbc000 ---p 00000000 00:00 0 
7f1f94cbc000-7f1f94cc4000 r-xp 00000000 08:06 539292                     /usr/lib/jvm/java-8-openjdk/jre/lib/amd64/libzip.so
7f1f94cc4000-7f1f94ec3000 ---p 00008000 08:06 539292                     /usr/lib/jvm/java-8-openjdk/jre/lib/amd64/libzip.so
7f1f94ec3000-7f1f94ec4000 rw-p 00007000 08:06 539292                     /usr/lib/jvm/java-8-openjdk/jre/lib/amd64/libzip.so
7f1f94ec4000-7f1f94ecf000 r-xp 00000000 08:06 2624591                    /usr/lib/libnss_files-2.21.so
7f1f94ecf000-7f1f950cf000 ---p 0000b000 08:06 2624591                    /usr/lib/libnss_files-2.21.so
7f1f950cf000-7f1f950d0000 r--p 0000b000 08:06 2624591                    /usr/lib/libnss_files-2.21.so
7f1f950d0000-7f1f950d1000 rw-p 0000c000 08:06 2624591                    /usr/lib/libnss_files-2.21.so
7f1f950d1000-7f1f950fe000 r-xp 00000000 08:06 539293                     /usr/lib/jvm/java-8-openjdk/jre/lib/amd64/libjava.so
7f1f950fe000-7f1f952fe000 ---p 0002d000 08:06 539293                     /usr/lib/jvm/java-8-openjdk/jre/lib/amd64/libjava.so
7f1f952fe000-7f1f95300000 rw-p 0002d000 08:06 539293                     /usr/lib/jvm/java-8-openjdk/jre/lib/amd64/libjava.so
7f1f95300000-7f1f9530d000 r-xp 00000000 08:06 539284                     /usr/lib/jvm/java-8-openjdk/jre/lib/amd64/libverify.so
7f1f9530d000-7f1f9550c000 ---p 0000d000 08:06 539284                     /usr/lib/jvm/java-8-openjdk/jre/lib/amd64/libverify.so
7f1f9550c000-7f1f9550e000 rw-p 0000c000 08:06 539284                     /usr/lib/jvm/java-8-openjdk/jre/lib/amd64/libverify.so
7f1f9550e000-7f1f95515000 r-xp 00000000 08:06 2624628                    /usr/lib/librt-2.21.so
7f1f95515000-7f1f95714000 ---p 00007000 08:06 2624628                    /usr/lib/librt-2.21.so
7f1f95714000-7f1f95715000 r--p 00006000 08:06 2624628                    /usr/lib/librt-2.21.so
7f1f95715000-7f1f95716000 rw-p 00007000 08:06 2624628                    /usr/lib/librt-2.21.so
7f1f95716000-7f1f95819000 r-xp 00000000 08:06 2624663                    /usr/lib/libm-2.21.so
7f1f95819000-7f1f95a18000 ---p 00103000 08:06 2624663                    /usr/lib/libm-2.21.so
7f1f95a18000-7f1f95a19000 r--p 00102000 08:06 2624663                    /usr/lib/libm-2.21.so
7f1f95a19000-7f1f95a1a000 rw-p 00103000 08:06 2624663                    /usr/lib/libm-2.21.so
7f1f95a1a000-7f1f966bb000 r-xp 00000000 08:06 1311783                    /usr/lib/jvm/java-8-openjdk/jre/lib/amd64/server/libjvm.so
7f1f966bb000-7f1f968ba000 ---p 00ca1000 08:06 1311783                    /usr/lib/jvm/java-8-openjdk/jre/lib/amd64/server/libjvm.so
7f1f968ba000-7f1f96986000 rw-p 00ca0000 08:06 1311783                    /usr/lib/jvm/java-8-openjdk/jre/lib/amd64/server/libjvm.so
7f1f96986000-7f1f969c8000 rw-p 00000000 00:00 0 
7f1f969c8000-7f1f96b61000 r-xp 00000000 08:06 2624603                    /usr/lib/libc-2.21.so
7f1f96b61000-7f1f96d60000 ---p 00199000 08:06 2624603                    /usr/lib/libc-2.21.so
7f1f96d60000-7f1f96d64000 r--p 00198000 08:06 2624603                    /usr/lib/libc-2.21.so
7f1f96d64000-7f1f96d66000 rw-p 0019c000 08:06 2624603                    /usr/lib/libc-2.21.so
7f1f96d66000-7f1f96d6a000 rw-p 00000000 00:00 0 
7f1f96d6a000-7f1f96d6d000 r-xp 00000000 08:06 2624638                    /usr/lib/libdl-2.21.so
7f1f96d6d000-7f1f96f6c000 ---p 00003000 08:06 2624638                    /usr/lib/libdl-2.21.so
7f1f96f6c000-7f1f96f6d000 r--p 00002000 08:06 2624638                    /usr/lib/libdl-2.21.so
7f1f96f6d000-7f1f96f6e000 rw-p 00003000 08:06 2624638                    /usr/lib/libdl-2.21.so
7f1f96f6e000-7f1f96f7b000 r-xp 00000000 08:06 1311780                    /usr/lib/jvm/java-8-openjdk/jre/lib/amd64/jli/libjli.so
7f1f96f7b000-7f1f9717b000 ---p 0000d000 08:06 1311780                    /usr/lib/jvm/java-8-openjdk/jre/lib/amd64/jli/libjli.so
7f1f9717b000-7f1f9717c000 rw-p 0000d000 08:06 1311780                    /usr/lib/jvm/java-8-openjdk/jre/lib/amd64/jli/libjli.so
7f1f9717c000-7f1f97191000 r-xp 00000000 08:06 2627692                    /usr/lib/libz.so.1.2.8
7f1f97191000-7f1f97390000 ---p 00015000 08:06 2627692                    /usr/lib/libz.so.1.2.8
7f1f97390000-7f1f97391000 r--p 00014000 08:06 2627692                    /usr/lib/libz.so.1.2.8
7f1f97391000-7f1f97392000 rw-p 00015000 08:06 2627692                    /usr/lib/libz.so.1.2.8
7f1f97392000-7f1f973aa000 r-xp 00000000 08:06 2624627                    /usr/lib/libpthread-2.21.so
7f1f973aa000-7f1f975a9000 ---p 00018000 08:06 2624627                    /usr/lib/libpthread-2.21.so
7f1f975a9000-7f1f975aa000 r--p 00017000 08:06 2624627                    /usr/lib/libpthread-2.21.so
7f1f975aa000-7f1f975ab000 rw-p 00018000 08:06 2624627                    /usr/lib/libpthread-2.21.so
7f1f975ab000-7f1f975af000 rw-p 00000000 00:00 0 
7f1f975af000-7f1f975d1000 r-xp 00000000 08:06 2624658                    /usr/lib/ld-2.21.so
7f1f975da000-7f1f9769f000 rw-p 00000000 00:00 0 
7f1f9769f000-7f1f976a2000 ---p 00000000 00:00 0 
7f1f976a2000-7f1f977a4000 rw-p 00000000 00:00 0                          [stack:19812]
7f1f977b0000-7f1f977c5000 rw-p 00000000 00:00 0 
7f1f977c5000-7f1f977cd000 rw-s 00000000 00:20 899264                     /tmp/hsperfdata_iliq/19808
7f1f977cd000-7f1f977ce000 rw-p 00000000 00:00 0 
7f1f977ce000-7f1f977cf000 ---p 00000000 00:00 0 
7f1f977cf000-7f1f977d0000 rw-p 00000000 00:00 0 
7f1f977d0000-7f1f977d1000 r--p 00021000 08:06 2624658                    /usr/lib/ld-2.21.so
7f1f977d1000-7f1f977d2000 rw-p 00022000 08:06 2624658                    /usr/lib/ld-2.21.so
7f1f977d2000-7f1f977d3000 rw-p 00000000 00:00 0 
7ffe46958000-7ffe46979000 rw-p 00000000 00:00 0                          [stack]
7ffe469f2000-7ffe469f4000 r--p 00000000 00:00 0                          [vvar]
7ffe469f4000-7ffe469f6000 r-xp 00000000 00:00 0                          [vdso]
ffffffffff600000-ffffffffff601000 r-xp 00000000 00:00 0                  [vsyscall]

VM Arguments:
jvm_args: -Xmx1024M -Dfile.encoding=UTF-8 -Duser.country=US -Duser.language=en -Duser.variant 
java_command: com.android.dx.command.Main --dex --output /home/iliq/AndroidStudioProjects/MetLab/app/build/intermediates/pre-dexed/debug/classes-bc436f116d8f8b34c04e5ce6f9bb04226c7d6350.jar /home/iliq/AndroidStudioProjects/MetLab/app/build/intermediates/exploded-aar/com.android.support/support-v4/22.1.1/jars/classes.jar
java_class_path (initial): /home/iliq/Android/Sdk/build-tools/22.0.1/lib/dx.jar
Launcher Type: SUN_STANDARD

Environment Variables:
PATH=/usr/local/sbin:/usr/local/bin:/usr/bin:/opt/android-sdk/tools:/usr/lib/jvm/default/bin:/usr/bin/site_perl:/usr/bin/vendor_perl:/usr/bin/core_perl
USERNAME=iliq
LD_LIBRARY_PATH=/opt/android-studio/bin:
SHELL=/bin/bash
DISPLAY=:0

Signal Handlers:
SIGSEGV: [libjvm.so+0xa90890], sa_mask[0]=11111111011111111101111111111110, sa_flags=SA_RESTART|SA_SIGINFO
SIGBUS: [libjvm.so+0xa90890], sa_mask[0]=11111111011111111101111111111110, sa_flags=SA_RESTART|SA_SIGINFO
SIGFPE: [libjvm.so+0x8dac20], sa_mask[0]=11111111011111111101111111111110, sa_flags=SA_RESTART|SA_SIGINFO
SIGPIPE: [libjvm.so+0x8dac20], sa_mask[0]=11111111011111111101111111111110, sa_flags=SA_RESTART|SA_SIGINFO
SIGXFSZ: [libjvm.so+0x8dac20], sa_mask[0]=11111111011111111101111111111110, sa_flags=SA_RESTART|SA_SIGINFO
SIGILL: [libjvm.so+0x8dac20], sa_mask[0]=11111111011111111101111111111110, sa_flags=SA_RESTART|SA_SIGINFO
SIGUSR1: SIG_DFL, sa_mask[0]=00000000000000000000000000000000, sa_flags=none
SIGUSR2: [libjvm.so+0x8daad0], sa_mask[0]=00100000000000000000000000000000, sa_flags=SA_RESTART|SA_SIGINFO
SIGHUP: [libjvm.so+0x8dacf0], sa_mask[0]=11111111011111111101111111111110, sa_flags=SA_RESTART|SA_SIGINFO
SIGINT: [libjvm.so+0x8dacf0], sa_mask[0]=11111111011111111101111111111110, sa_flags=SA_RESTART|SA_SIGINFO
SIGTERM: [libjvm.so+0x8dacf0], sa_mask[0]=11111111011111111101111111111110, sa_flags=SA_RESTART|SA_SIGINFO
SIGQUIT: [libjvm.so+0x8dacf0], sa_mask[0]=11111111011111111101111111111110, sa_flags=SA_RESTART|SA_SIGINFO


---------------  S Y S T E M  ---------------

OS:NAME="Arch Linux"
ID=arch
PRETTY_NAME="Arch Linux"
ANSI_COLOR="0;36"
HOME_URL="https://www.archlinux.org/"
SUPPORT_URL="https://bbs.archlinux.org/"
BUG_REPORT_URL="https://bugs.archlinux.org/"


uname:Linux 4.0.4-2-ARCH #1 SMP PREEMPT Fri May 22 03:05:23 UTC 2015 x86_64
libc:glibc 2.21 NPTL 2.21 
rlimit: STACK 8192k, CORE 0k, NPROC 31558, NOFILE 4096, AS infinity
load average:9.11 2.81 1.41

/proc/meminfo:
MemTotal:        8084396 kB
MemFree:          130316 kB
MemAvailable:      93168 kB
Buffers:             800 kB
Cached:          1849712 kB
SwapCached:            0 kB
Active:          5305488 kB
Inactive:        1675000 kB
Active(anon):    5290140 kB
Inactive(anon):  1640536 kB
Active(file):      15348 kB
Inactive(file):    34464 kB
Unevictable:           0 kB
Mlocked:               0 kB
SwapTotal:             0 kB
SwapFree:              0 kB
Dirty:              6012 kB
Writeback:           160 kB
AnonPages:       5130272 kB
Mapped:          1112804 kB
Shmem:           1800404 kB
Slab:              83908 kB
SReclaimable:      44832 kB
SUnreclaim:        39076 kB
KernelStack:       10880 kB
PageTables:        41980 kB
NFS_Unstable:          0 kB
Bounce:                0 kB
WritebackTmp:          0 kB
CommitLimit:     4042196 kB
Committed_AS:   11189908 kB
VmallocTotal:   34359738367 kB
VmallocUsed:      406220 kB
VmallocChunk:   34359325288 kB
HardwareCorrupted:     0 kB
AnonHugePages:    585728 kB
HugePages_Total:       0
HugePages_Free:        0
HugePages_Rsvd:        0
HugePages_Surp:        0
Hugepagesize:       2048 kB
DirectMap4k:      358848 kB
DirectMap2M:     7933952 kB


CPU:total 4 (2 cores per cpu, 2 threads per core) family 6 model 42 stepping 7, cmov, cx8, fxsr, mmx, sse, sse2, sse3, ssse3, sse4.1, sse4.2, popcnt, avx, clmul, ht, tsc, tscinvbit

/proc/cpuinfo:
processor	: 0
vendor_id	: GenuineIntel
cpu family	: 6
model		: 42
model name	: Intel(R) Core(TM) i3-2350M CPU @ 2.30GHz
stepping	: 7
microcode	: 0x1b
cpu MHz		: 917.574
cache size	: 3072 KB
physical id	: 0
siblings	: 4
core id		: 0
cpu cores	: 2
apicid		: 0
initial apicid	: 0
fpu		: yes
fpu_exception	: yes
cpuid level	: 13
wp		: yes
flags		: fpu vme de pse tsc msr pae mce cx8 apic sep mtrr pge mca cmov pat pse36 clflush dts acpi mmx fxsr sse sse2 ss ht tm pbe syscall nx rdtscp lm constant_tsc arch_perfmon pebs bts rep_good nopl xtopology nonstop_tsc aperfmperf eagerfpu pni pclmulqdq dtes64 monitor ds_cpl vmx est tm2 ssse3 cx16 xtpr pdcm pcid sse4_1 sse4_2 x2apic popcnt tsc_deadline_timer xsave avx lahf_lm arat epb pln pts dtherm tpr_shadow vnmi flexpriority ept vpid xsaveopt
bugs		:
bogomips	: 4591.51
clflush size	: 64
cache_alignment	: 64
address sizes	: 36 bits physical, 48 bits virtual
power management:

processor	: 1
vendor_id	: GenuineIntel
cpu family	: 6
model		: 42
model name	: Intel(R) Core(TM) i3-2350M CPU @ 2.30GHz
stepping	: 7
microcode	: 0x1b
cpu MHz		: 925.929
cache size	: 3072 KB
physical id	: 0
siblings	: 4
core id		: 1
cpu cores	: 2
apicid		: 2
initial apicid	: 2
fpu		: yes
fpu_exception	: yes
cpuid level	: 13
wp		: yes
flags		: fpu vme de pse tsc msr pae mce cx8 apic sep mtrr pge mca cmov pat pse36 clflush dts acpi mmx fxsr sse sse2 ss ht tm pbe syscall nx rdtscp lm constant_tsc arch_perfmon pebs bts rep_good nopl xtopology nonstop_tsc aperfmperf eagerfpu pni pclmulqdq dtes64 monitor ds_cpl vmx est tm2 ssse3 cx16 xtpr pdcm pcid sse4_1 sse4_2 x2apic popcnt tsc_deadline_timer xsave avx lahf_lm arat epb pln pts dtherm tpr_shadow vnmi flexpriority ept vpid xsaveopt
bugs		:
bogomips	: 4591.51
clflush size	: 64
cache_alignment	: 64
address sizes	: 36 bits physical, 48 bits virtual
power management:

processor	: 2
vendor_id	: GenuineIntel
cpu family	: 6
model		: 42
model name	: Intel(R) Core(TM) i3-2350M CPU @ 2.30GHz
stepping	: 7
microcode	: 0x1b
cpu MHz		: 888.285
cache size	: 3072 KB
physical id	: 0
siblings	: 4
core id		: 0
cpu cores	: 2
apicid		: 1
initial apicid	: 1
fpu		: yes
fpu_exception	: yes
cpuid level	: 13
wp		: yes
flags		: fpu vme de pse tsc msr pae mce cx8 apic sep mtrr pge mca cmov pat pse36 clflush dts acpi mmx fxsr sse sse2 ss ht tm pbe syscall nx rdtscp lm constant_tsc arch_perfmon pebs bts rep_good nopl xtopology nonstop_tsc aperfmperf eagerfpu pni pclmulqdq dtes64 monitor ds_cpl vmx est tm2 ssse3 cx16 xtpr pdcm pcid sse4_1 sse4_2 x2apic popcnt tsc_deadline_timer xsave avx lahf_lm arat epb pln pts dtherm tpr_shadow vnmi flexpriority ept vpid xsaveopt
bugs		:
bogomips	: 4591.51
clflush size	: 64
cache_alignment	: 64
address sizes	: 36 bits physical, 48 bits virtual
power management:

processor	: 3
vendor_id	: GenuineIntel
cpu family	: 6
model		: 42
model name	: Intel(R) Core(TM) i3-2350M CPU @ 2.30GHz
stepping	: 7
microcode	: 0x1b
cpu MHz		: 896.910
cache size	: 3072 KB
physical id	: 0
siblings	: 4
core id		: 1
cpu cores	: 2
apicid		: 3
initial apicid	: 3
fpu		: yes
fpu_exception	: yes
cpuid level	: 13
wp		: yes
flags		: fpu vme de pse tsc msr pae mce cx8 apic sep mtrr pge mca cmov pat pse36 clflush dts acpi mmx fxsr sse sse2 ss ht tm pbe syscall nx rdtscp lm constant_tsc arch_perfmon pebs bts rep_good nopl xtopology nonstop_tsc aperfmperf eagerfpu pni pclmulqdq dtes64 monitor ds_cpl vmx est tm2 ssse3 cx16 xtpr pdcm pcid sse4_1 sse4_2 x2apic popcnt tsc_deadline_timer xsave avx lahf_lm arat epb pln pts dtherm tpr_shadow vnmi flexpriority ept vpid xsaveopt
bugs		:
bogomips	: 4591.51
clflush size	: 64
cache_alignment	: 64
address sizes	: 36 bits physical, 48 bits virtual
power management:



Memory: 4k page, physical 8084396k(130316k free), swap 0k(0k free)

vm_info: OpenJDK 64-Bit Server VM (25.45-b02) for linux-amd64 JRE (1.8.0_45-b14), built on Apr 20 2015 17:04:34 by "builduser" with gcc 4.9.2 20150304 (prerelease)

time: Sun Jun  7 13:52:12 2015
elapsed time: 35 seconds (0d 0h 0m 35s)

