#
# There is insufficient memory for the Java Runtime Environment to continue.
# Native memory allocation (mmap) failed to map 84934656 bytes for committing reserved memory.
# Possible reasons:
#   The system is out of physical RAM or swap space
#   In 32 bit mode, the process size limit was hit
# Possible solutions:
#   Reduce memory load on the system
#   Increase physical memory or swap space
#   Check if swap backing store is full
#   Use 64 bit Java on a 64 bit OS
#   Decrease Java heap size (-Xmx/-Xms)
#   Decrease number of Java threads
#   Decrease Java thread stack sizes (-Xss)
#   Set larger code cache with -XX:ReservedCodeCacheSize=
# This output file may be truncated or incomplete.
#
#  Out of Memory Error (os_linux.cpp:2673), pid=20570, tid=139666505295616
#
# JRE version: OpenJDK Runtime Environment (8.0_45-b14) (build 1.8.0_45-b14)
# Java VM: OpenJDK 64-Bit Server VM (25.45-b02 mixed mode linux-amd64 compressed oops)
# Failed to write core dump. Core dumps have been disabled. To enable core dumping, try "ulimit -c unlimited" before starting Java again
#

---------------  T H R E A D  ---------------

Current thread (0x00007f06b4076000):  VMThread [stack: 0x00007f06a45f6000,0x00007f06a46f7000] [id=20603]

Stack: [0x00007f06a45f6000,0x00007f06a46f7000],  sp=0x00007f06a46f54d0,  free space=1021k
Native frames: (J=compiled Java code, j=interpreted, Vv=VM code, C=native code)
V  [libjvm.so+0xa8fdcd]
V  [libjvm.so+0x4e85bc]
V  [libjvm.so+0x8df300]
V  [libjvm.so+0x8d9ace]
V  [libjvm.so+0x95408b]
V  [libjvm.so+0x9553f3]
V  [libjvm.so+0x95207e]
V  [libjvm.so+0x95236c]
V  [libjvm.so+0x904c93]
V  [libjvm.so+0xa91842]
V  [libjvm.so+0xa96327]
V  [libjvm.so+0xa9462c]
V  [libjvm.so+0xa94e47]
V  [libjvm.so+0xa95381]
V  [libjvm.so+0x8dc802]

VM_Operation (0x00007f06bc900810): ParallelGCFailedAllocation, mode: safepoint, requested by thread 0x00007f06b4008800


---------------  P R O C E S S  ---------------

Java Threads: ( => current thread )
  0x00007f06b40bf800 JavaThread "Service Thread" daemon [_thread_blocked, id=20636, stack(0x00007f0695afb000,0x00007f0695bfc000)]
  0x00007f06b40ba800 JavaThread "C1 CompilerThread2" daemon [_thread_blocked, id=20635, stack(0x00007f0695bfc000,0x00007f0695cfd000)]
  0x00007f06b40b9000 JavaThread "C2 CompilerThread1" daemon [_thread_blocked, id=20634, stack(0x00007f0695cfd000,0x00007f0695dfe000)]
  0x00007f06b40b6000 JavaThread "C2 CompilerThread0" daemon [_thread_blocked, id=20633, stack(0x00007f0695dfe000,0x00007f0695eff000)]
  0x00007f06b40b4800 JavaThread "Signal Dispatcher" daemon [_thread_blocked, id=20630, stack(0x00007f0695eff000,0x00007f0696000000)]
  0x00007f06b407d000 JavaThread "Finalizer" daemon [_thread_blocked, id=20607, stack(0x00007f06a43f4000,0x00007f06a44f5000)]
  0x00007f06b407b000 JavaThread "Reference Handler" daemon [_thread_blocked, id=20606, stack(0x00007f06a44f5000,0x00007f06a45f6000)]
  0x00007f06b4008800 JavaThread "main" [_thread_blocked, id=20580, stack(0x00007f06bc802000,0x00007f06bc903000)]

Other Threads:
=>0x00007f06b4076000 VMThread [stack: 0x00007f06a45f6000,0x00007f06a46f7000] [id=20603]
  0x00007f06b40c2000 WatcherThread [stack: 0x00007f06959fa000,0x00007f0695afb000] [id=20637]

VM state:at safepoint (normal execution)

VM Mutex/Monitor currently owned by a thread:  ([mutex/lock_event])
[0x00007f06b40063c0] Threads_lock - owner thread: 0x00007f06b4076000
[0x00007f06b40068c0] Heap_lock - owner thread: 0x00007f06b4008800

Heap:
 PSYoungGen      total 68608K, used 5117K [0x00000000eab00000, 0x00000000ef300000, 0x0000000100000000)
  eden space 63488K, 0% used [0x00000000eab00000,0x00000000eab00000,0x00000000ee900000)
  from space 5120K, 99% used [0x00000000ee900000,0x00000000eedff748,0x00000000eee00000)
  to   space 5120K, 0% used [0x00000000eee00000,0x00000000eee00000,0x00000000ef300000)
 ParOldGen       total 84992K, used 24357K [0x00000000c0000000, 0x00000000c5300000, 0x00000000eab00000)
  object space 84992K, 28% used [0x00000000c0000000,0x00000000c17c9408,0x00000000c5300000)
 Metaspace       used 5996K, capacity 7152K, committed 7296K, reserved 1056768K
  class space    used 553K, capacity 616K, committed 640K, reserved 1048576K

Card table byte_map: [0x00007f06b985e000,0x00007f06b9a5f000] byte_map_base: 0x00007f06b925e000

Marking Bits: (ParMarkBitMap*) 0x00007f06bbafd680
 Begin Bits: [0x00007f0696000000, 0x00007f0697000000)
 End Bits:   [0x00007f0697000000, 0x00007f0698000000)

Polling page: 0x00007f06bc931000

CodeCache: size=245760Kb used=7296Kb max_used=7296Kb free=238463Kb
 bounds [0x00007f06a5000000, 0x00007f06a5730000, 0x00007f06b4000000]
 total_blobs=2004 nmethods=1743 adapters=176
 compilation: enabled

Compilation events (10 events):
Event: 8.498 Thread 0x00007f06b40ba800 nmethod 1810 0x00007f06a5723e50 code [0x00007f06a5724060, 0x00007f06a5724718]
Event: 8.506 Thread 0x00007f06b40ba800 1811       2       com.android.dx.rop.cst.CstLiteral32::<init> (10 bytes)
Event: 8.506 Thread 0x00007f06b40ba800 nmethod 1811 0x00007f06a5724b90 code [0x00007f06a5724ce0, 0x00007f06a5724e30]
Event: 8.510 Thread 0x00007f06b40ba800 1812       2       java.util.HashMap::comparableClassFor (105 bytes)
Event: 8.511 Thread 0x00007f06b40ba800 nmethod 1812 0x00007f06a5724ed0 code [0x00007f06a57250a0, 0x00007f06a5725508]
Event: 8.567 Thread 0x00007f06b40ba800 1813       2       com.android.dx.rop.code.SwitchInsn::withNewRegisters (22 bytes)
Event: 8.568 Thread 0x00007f06b40ba800 nmethod 1813 0x00007f06a5725810 code [0x00007f06a5725980, 0x00007f06a5725b68]
Event: 8.568 Thread 0x00007f06b40ba800 1814       2       com.android.dx.cf.code.SwitchList::getTarget (9 bytes)
Event: 8.568 Thread 0x00007f06b40ba800 nmethod 1814 0x00007f06a5725c50 code [0x00007f06a5725dc0, 0x00007f06a5725f28]
Event: 8.618 Thread 0x00007f06b40ba800 1816       2       com.android.dx.dex.file.AnnotationUtils::makeSignature (251 bytes)

GC Heap History (9 events):
Event: 3.160 GC heap before
{Heap before GC invocations=1 (full 0):
 PSYoungGen      total 36864K, used 31744K [0x00000000eab00000, 0x00000000ed400000, 0x0000000100000000)
  eden space 31744K, 100% used [0x00000000eab00000,0x00000000eca00000,0x00000000eca00000)
  from space 5120K, 0% used [0x00000000ecf00000,0x00000000ecf00000,0x00000000ed400000)
  to   space 5120K, 0% used [0x00000000eca00000,0x00000000eca00000,0x00000000ecf00000)
 ParOldGen       total 84992K, used 0K [0x00000000c0000000, 0x00000000c5300000, 0x00000000eab00000)
  object space 84992K, 0% used [0x00000000c0000000,0x00000000c0000000,0x00000000c5300000)
 Metaspace       used 5649K, capacity 6896K, committed 7040K, reserved 1056768K
  class space    used 529K, capacity 616K, committed 640K, reserved 1048576K
Event: 3.183 GC heap after
Heap after GC invocations=1 (full 0):
 PSYoungGen      total 36864K, used 5098K [0x00000000eab00000, 0x00000000ed400000, 0x0000000100000000)
  eden space 31744K, 0% used [0x00000000eab00000,0x00000000eab00000,0x00000000eca00000)
  from space 5120K, 99% used [0x00000000eca00000,0x00000000ecefaab8,0x00000000ecf00000)
  to   space 5120K, 0% used [0x00000000ecf00000,0x00000000ecf00000,0x00000000ed400000)
 ParOldGen       total 84992K, used 1410K [0x00000000c0000000, 0x00000000c5300000, 0x00000000eab00000)
  object space 84992K, 1% used [0x00000000c0000000,0x00000000c0160b80,0x00000000c5300000)
 Metaspace       used 5649K, capacity 6896K, committed 7040K, reserved 1056768K
  class space    used 529K, capacity 616K, committed 640K, reserved 1048576K
}
Event: 4.735 GC heap before
{Heap before GC invocations=2 (full 0):
 PSYoungGen      total 36864K, used 36842K [0x00000000eab00000, 0x00000000ed400000, 0x0000000100000000)
  eden space 31744K, 100% used [0x00000000eab00000,0x00000000eca00000,0x00000000eca00000)
  from space 5120K, 99% used [0x00000000eca00000,0x00000000ecefaab8,0x00000000ecf00000)
  to   space 5120K, 0% used [0x00000000ecf00000,0x00000000ecf00000,0x00000000ed400000)
 ParOldGen       total 84992K, used 1410K [0x00000000c0000000, 0x00000000c5300000, 0x00000000eab00000)
  object space 84992K, 1% used [0x00000000c0000000,0x00000000c0160b80,0x00000000c5300000)
 Metaspace       used 5772K, capacity 7024K, committed 7296K, reserved 1056768K
  class space    used 529K, capacity 616K, committed 640K, reserved 1048576K
Event: 4.777 GC heap after
Heap after GC invocations=2 (full 0):
 PSYoungGen      total 36864K, used 5111K [0x00000000eab00000, 0x00000000ef300000, 0x0000000100000000)
  eden space 31744K, 0% used [0x00000000eab00000,0x00000000eab00000,0x00000000eca00000)
  from space 5120K, 99% used [0x00000000ecf00000,0x00000000ed3fdc88,0x00000000ed400000)
  to   space 5120K, 0% used [0x00000000eca00000,0x00000000eca00000,0x00000000ecf00000)
 ParOldGen       total 84992K, used 5869K [0x00000000c0000000, 0x00000000c5300000, 0x00000000eab00000)
  object space 84992K, 6% used [0x00000000c0000000,0x00000000c05bb530,0x00000000c5300000)
 Metaspace       used 5772K, capacity 7024K, committed 7296K, reserved 1056768K
  class space    used 529K, capacity 616K, committed 640K, reserved 1048576K
}
Event: 6.036 GC heap before
{Heap before GC invocations=3 (full 0):
 PSYoungGen      total 36864K, used 36855K [0x00000000eab00000, 0x00000000ef300000, 0x0000000100000000)
  eden space 31744K, 100% used [0x00000000eab00000,0x00000000eca00000,0x00000000eca00000)
  from space 5120K, 99% used [0x00000000ecf00000,0x00000000ed3fdc88,0x00000000ed400000)
  to   space 5120K, 0% used [0x00000000eca00000,0x00000000eca00000,0x00000000ecf00000)
 ParOldGen       total 84992K, used 5869K [0x00000000c0000000, 0x00000000c5300000, 0x00000000eab00000)
  object space 84992K, 6% used [0x00000000c0000000,0x00000000c05bb530,0x00000000c5300000)
 Metaspace       used 5853K, capacity 7088K, committed 7296K, reserved 1056768K
  class space    used 535K, capacity 616K, committed 640K, reserved 1048576K
Event: 6.085 GC heap after
Heap after GC invocations=3 (full 0):
 PSYoungGen      total 36864K, used 5114K [0x00000000eab00000, 0x00000000ef300000, 0x0000000100000000)
  eden space 31744K, 0% used [0x00000000eab00000,0x00000000eab00000,0x00000000eca00000)
  from space 5120K, 99% used [0x00000000eca00000,0x00000000ecefeb70,0x00000000ecf00000)
  to   space 5120K, 0% used [0x00000000eee00000,0x00000000eee00000,0x00000000ef300000)
 ParOldGen       total 84992K, used 10870K [0x00000000c0000000, 0x00000000c5300000, 0x00000000eab00000)
  object space 84992K, 12% used [0x00000000c0000000,0x00000000c0a9d940,0x00000000c5300000)
 Metaspace       used 5853K, capacity 7088K, committed 7296K, reserved 1056768K
  class space    used 535K, capacity 616K, committed 640K, reserved 1048576K
}
Event: 6.961 GC heap before
{Heap before GC invocations=4 (full 0):
 PSYoungGen      total 36864K, used 36858K [0x00000000eab00000, 0x00000000ef300000, 0x0000000100000000)
  eden space 31744K, 100% used [0x00000000eab00000,0x00000000eca00000,0x00000000eca00000)
  from space 5120K, 99% used [0x00000000eca00000,0x00000000ecefeb70,0x00000000ecf00000)
  to   space 5120K, 0% used [0x00000000eee00000,0x00000000eee00000,0x00000000ef300000)
 ParOldGen       total 84992K, used 10870K [0x00000000c0000000, 0x00000000c5300000, 0x00000000eab00000)
  object space 84992K, 12% used [0x00000000c0000000,0x00000000c0a9d940,0x00000000c5300000)
 Metaspace       used 5953K, capacity 7088K, committed 7296K, reserved 1056768K
  class space    used 553K, capacity 616K, committed 640K, reserved 1048576K
Event: 7.016 GC heap after
Heap after GC invocations=4 (full 0):
 PSYoungGen      total 68608K, used 5106K [0x00000000eab00000, 0x00000000ef300000, 0x0000000100000000)
  eden space 63488K, 0% used [0x00000000eab00000,0x00000000eab00000,0x00000000ee900000)
  from space 5120K, 99% used [0x00000000eee00000,0x00000000ef2fc968,0x00000000ef300000)
  to   space 5120K, 0% used [0x00000000ee900000,0x00000000ee900000,0x00000000eee00000)
 ParOldGen       total 84992K, used 15551K [0x00000000c0000000, 0x00000000c5300000, 0x00000000eab00000)
  object space 84992K, 18% used [0x00000000c0000000,0x00000000c0f2ff50,0x00000000c5300000)
 Metaspace       used 5953K, capacity 7088K, committed 7296K, reserved 1056768K
  class space    used 553K, capacity 616K, committed 640K, reserved 1048576K
}
Event: 8.621 GC heap before
{Heap before GC invocations=5 (full 0):
 PSYoungGen      total 68608K, used 68594K [0x00000000eab00000, 0x00000000ef300000, 0x0000000100000000)
  eden space 63488K, 100% used [0x00000000eab00000,0x00000000ee900000,0x00000000ee900000)
  from space 5120K, 99% used [0x00000000eee00000,0x00000000ef2fc968,0x00000000ef300000)
  to   space 5120K, 0% used [0x00000000ee900000,0x00000000ee900000,0x00000000eee00000)
 ParOldGen       total 84992K, used 15551K [0x00000000c0000000, 0x00000000c5300000, 0x00000000eab00000)
  object space 84992K, 18% used [0x00000000c0000000,0x00000000c0f2ff50,0x00000000c5300000)
 Metaspace       used 5996K, capacity 7152K, committed 7296K, reserved 1056768K
  class space    used 553K, capacity 616K, committed 640K, reserved 1048576K

Deoptimization events (10 events):
Event: 5.789 Thread 0x00007f06b4008800 Uncommon trap: reason=bimorphic action=maybe_recompile pc=0x00007f06a54048f0 method=java.util.HashMap.getNode(ILjava/lang/Object;)Ljava/util/HashMap$Node; @ 126
Event: 5.789 Thread 0x00007f06b4008800 Uncommon trap: reason=class_check action=maybe_recompile pc=0x00007f06a5552894 method=java.util.HashMap.putVal(ILjava/lang/Object;Ljava/lang/Object;ZZ)Ljava/lang/Object; @ 203
Event: 6.009 Thread 0x00007f06b4008800 Uncommon trap: reason=unstable_if action=reinterpret pc=0x00007f06a51c3e00 method=java.lang.String.replace(CC)Ljava/lang/String; @ 26
Event: 6.208 Thread 0x00007f06b4008800 Uncommon trap: reason=bimorphic action=maybe_recompile pc=0x00007f06a54048f0 method=java.util.HashMap.getNode(ILjava/lang/Object;)Ljava/util/HashMap$Node; @ 126
Event: 6.208 Thread 0x00007f06b4008800 Uncommon trap: reason=class_check action=maybe_recompile pc=0x00007f06a5552894 method=java.util.HashMap.putVal(ILjava/lang/Object;Ljava/lang/Object;ZZ)Ljava/lang/Object; @ 203
Event: 6.216 Thread 0x00007f06b4008800 Uncommon trap: reason=unstable_if action=reinterpret pc=0x00007f06a5463990 method=java.util.HashMap.getNode(ILjava/lang/Object;)Ljava/util/HashMap$Node; @ 84
Event: 6.565 Thread 0x00007f06b4008800 Uncommon trap: reason=unstable_if action=reinterpret pc=0x00007f06a569afcc method=com.android.dx.cf.code.BytecodeArray.parseInstruction(ILcom/android/dx/cf/code/BytecodeArray$Visitor;)I @ 1198
Event: 6.644 Thread 0x00007f06b4008800 Uncommon trap: reason=unstable_if action=reinterpret pc=0x00007f06a56924d0 method=java.util.HashMap.putVal(ILjava/lang/Object;Ljava/lang/Object;ZZ)Ljava/lang/Object; @ 94
Event: 6.866 Thread 0x00007f06b4008800 Uncommon trap: reason=unstable_if action=reinterpret pc=0x00007f06a54c99e4 method=java.util.HashMap.putVal(ILjava/lang/Object;Ljava/lang/Object;ZZ)Ljava/lang/Object; @ 162
Event: 6.926 Thread 0x00007f06b4008800 Uncommon trap: reason=unstable_if action=reinterpret pc=0x00007f06a53ee9a4 method=java.util.HashMap.getNode(ILjava/lang/Object;)Ljava/util/HashMap$Node; @ 84

Internal exceptions (6 events):
Event: 0.046 Thread 0x00007f06b4008800 Exception <a 'java/lang/NoSuchMethodError': Method sun.misc.Unsafe.defineClass(Ljava/lang/String;[BII)Ljava/lang/Class; name or signature does not match> (0x00000000eab12a28) thrown at [/build/java8-openjdk/src/jdk8u-jdk8u45-b14/hotspot/src/share/vm/prims
Event: 0.046 Thread 0x00007f06b4008800 Exception <a 'java/lang/NoSuchMethodError': Method sun.misc.Unsafe.prefetchRead(Ljava/lang/Object;J)V name or signature does not match> (0x00000000eab12cb8) thrown at [/build/java8-openjdk/src/jdk8u-jdk8u45-b14/hotspot/src/share/vm/prims/jni.cpp, line 399
Event: 4.612 Thread 0x00007f06b4008800 Implicit null exception at 0x00007f06a53358a2 to 0x00007f06a5335993
Event: 6.215 Thread 0x00007f06b4008800 Exception <a 'java/lang/ArrayIndexOutOfBoundsException': 18> (0x00000000eaf13628) thrown at [/build/java8-openjdk/src/jdk8u-jdk8u45-b14/hotspot/src/share/vm/interpreter/interpreterRuntime.cpp, line 366]
Event: 6.867 Thread 0x00007f06b4008800 Exception <a 'java/lang/ArrayIndexOutOfBoundsException'> (0x00000000ec5f21d8) thrown at [/build/java8-openjdk/src/jdk8u-jdk8u45-b14/hotspot/src/share/vm/runtime/sharedRuntime.cpp, line 605]
Event: 6.868 Thread 0x00007f06b4008800 Exception <a 'java/lang/ArrayIndexOutOfBoundsException'> (0x00000000ec5f3410) thrown at [/build/java8-openjdk/src/jdk8u-jdk8u45-b14/hotspot/src/share/vm/runtime/sharedRuntime.cpp, line 605]

Events (10 events):
Event: 6.868 loading class sun/reflect/generics/reflectiveObjects/TypeVariableImpl
Event: 6.868 loading class sun/reflect/generics/reflectiveObjects/LazyReflectiveObjectGenerator
Event: 6.868 loading class sun/reflect/generics/reflectiveObjects/LazyReflectiveObjectGenerator done
Event: 6.869 loading class sun/reflect/generics/reflectiveObjects/TypeVariableImpl done
Event: 6.926 Thread 0x00007f06b4008800 Uncommon trap: trap_request=0xffffff65 fr.pc=0x00007f06a53ee9a4
Event: 6.926 Thread 0x00007f06b4008800 DEOPT PACKING pc=0x00007f06a53ee9a4 sp=0x00007f06bc900bc0
Event: 6.926 Thread 0x00007f06b4008800 DEOPT UNPACKING pc=0x00007f06a5004f69 sp=0x00007f06bc900958 mode 2
Event: 6.961 Executing VM operation: ParallelGCFailedAllocation
Event: 7.016 Executing VM operation: ParallelGCFailedAllocation done
Event: 8.621 Executing VM operation: ParallelGCFailedAllocation


Dynamic libraries:
00400000-00401000 r-xp 00000000 08:06 539321                             /usr/lib/jvm/java-8-openjdk/jre/bin/java
00600000-00601000 rw-p 00000000 08:06 539321                             /usr/lib/jvm/java-8-openjdk/jre/bin/java
021d1000-021f2000 rw-p 00000000 00:00 0                                  [heap]
c0000000-c5300000 rw-p 00000000 00:00 0 
c5300000-eab00000 ---p 00000000 00:00 0 
eab00000-ef300000 rw-p 00000000 00:00 0 
f4400000-100000000 ---p 00000000 00:00 0 
100000000-1000a0000 rw-p 00000000 00:00 0 
1000a0000-140000000 ---p 00000000 00:00 0 
7f0668000000-7f0668021000 rw-p 00000000 00:00 0 
7f0668021000-7f066c000000 ---p 00000000 00:00 0 
7f0670000000-7f0670883000 rw-p 00000000 00:00 0 
7f0670883000-7f0674000000 ---p 00000000 00:00 0 
7f0674000000-7f0674021000 rw-p 00000000 00:00 0 
7f0674021000-7f0678000000 ---p 00000000 00:00 0 
7f0678000000-7f067932f000 rw-p 00000000 00:00 0 
7f067932f000-7f067c000000 ---p 00000000 00:00 0 
7f067c000000-7f067d190000 rw-p 00000000 00:00 0 
7f067d190000-7f0680000000 ---p 00000000 00:00 0 
7f0680000000-7f0680021000 rw-p 00000000 00:00 0 
7f0680021000-7f0684000000 ---p 00000000 00:00 0 
7f0684000000-7f0684021000 rw-p 00000000 00:00 0 
7f0684021000-7f0688000000 ---p 00000000 00:00 0 
7f0688000000-7f0688021000 rw-p 00000000 00:00 0 
7f0688021000-7f068c000000 ---p 00000000 00:00 0 
7f068c000000-7f068c021000 rw-p 00000000 00:00 0 
7f068c021000-7f0690000000 ---p 00000000 00:00 0 
7f0690000000-7f0690021000 rw-p 00000000 00:00 0 
7f0690021000-7f0694000000 ---p 00000000 00:00 0 
7f06959fa000-7f06959fb000 ---p 00000000 00:00 0 
7f06959fb000-7f0695afb000 rw-p 00000000 00:00 0                          [stack:20637]
7f0695afb000-7f0695afe000 ---p 00000000 00:00 0 
7f0695afe000-7f0695bfc000 rw-p 00000000 00:00 0                          [stack:20636]
7f0695bfc000-7f0695bff000 ---p 00000000 00:00 0 
7f0695bff000-7f0695cfd000 rw-p 00000000 00:00 0                          [stack:20635]
7f0695cfd000-7f0695d00000 ---p 00000000 00:00 0 
7f0695d00000-7f0695dfe000 rw-p 00000000 00:00 0                          [stack:20634]
7f0695dfe000-7f0695e01000 ---p 00000000 00:00 0 
7f0695e01000-7f0695eff000 rw-p 00000000 00:00 0                          [stack:20633]
7f0695eff000-7f0695f02000 ---p 00000000 00:00 0 
7f0695f02000-7f0698000000 rw-p 00000000 00:00 0                          [stack:20630]
7f0698000000-7f0698021000 rw-p 00000000 00:00 0 
7f0698021000-7f069c000000 ---p 00000000 00:00 0 
7f069c000000-7f069c021000 rw-p 00000000 00:00 0 
7f069c021000-7f06a0000000 ---p 00000000 00:00 0 
7f06a0000000-7f06a0021000 rw-p 00000000 00:00 0 
7f06a0021000-7f06a4000000 ---p 00000000 00:00 0 
7f06a40dc000-7f06a40ee000 r--s 000c6000 08:06 1186243                    /home/iliq/AndroidStudioProjects/MetLab/app/build/intermediates/exploded-aar/com.android.support/support-v4/22.1.1/jars/classes.jar
7f06a40ee000-7f06a40fd000 r--s 000dd000 08:06 1972099                    /home/iliq/Android/Sdk/build-tools/22.0.1/lib/dx.jar
7f06a40fd000-7f06a43f4000 r--p 00000000 08:06 2659110                    /usr/lib/locale/locale-archive
7f06a43f4000-7f06a43f7000 ---p 00000000 00:00 0 
7f06a43f7000-7f06a44f5000 rw-p 00000000 00:00 0                          [stack:20607]
7f06a44f5000-7f06a44f8000 ---p 00000000 00:00 0 
7f06a44f8000-7f06a45f6000 rw-p 00000000 00:00 0                          [stack:20606]
7f06a45f6000-7f06a45f7000 ---p 00000000 00:00 0 
7f06a45f7000-7f06a5000000 rw-p 00000000 00:00 0                          [stack:20603]
7f06a5000000-7f06a5730000 rwxp 00000000 00:00 0 
7f06a5730000-7f06b4000000 ---p 00000000 00:00 0 
7f06b4000000-7f06b41ca000 rw-p 00000000 00:00 0 
7f06b41ca000-7f06b8000000 ---p 00000000 00:00 0 
7f06b800b000-7f06b86c1000 rw-p 00000000 00:00 0 
7f06b86c1000-7f06b888e000 r--s 03bd3000 08:06 539263                     /usr/lib/jvm/java-8-openjdk/jre/lib/rt.jar
7f06b888e000-7f06b8f84000 rw-p 00000000 00:00 0 
7f06b8f84000-7f06b9104000 ---p 00000000 00:00 0 
7f06b9104000-7f06b9304000 rw-p 00000000 00:00 0 
7f06b9304000-7f06b9305000 ---p 00000000 00:00 0 
7f06b9305000-7f06b9405000 rw-p 00000000 00:00 0                          [stack:20587]
7f06b9405000-7f06b9406000 ---p 00000000 00:00 0 
7f06b9406000-7f06b9506000 rw-p 00000000 00:00 0                          [stack:20586]
7f06b9506000-7f06b9507000 ---p 00000000 00:00 0 
7f06b9507000-7f06b9607000 rw-p 00000000 00:00 0                          [stack:20582]
7f06b9607000-7f06b9608000 ---p 00000000 00:00 0 
7f06b9608000-7f06b9732000 rw-p 00000000 00:00 0                          [stack:20581]
7f06b9732000-7f06b985e000 ---p 00000000 00:00 0 
7f06b985e000-7f06b9888000 rw-p 00000000 00:00 0 
7f06b9888000-7f06b99b3000 ---p 00000000 00:00 0 
7f06b99b3000-7f06b99d8000 rw-p 00000000 00:00 0 
7f06b99d8000-7f06b9a5e000 ---p 00000000 00:00 0 
7f06b9a5e000-7f06b9a7c000 rw-p 00000000 00:00 0 
7f06b9a7c000-7f06b9e1f000 ---p 00000000 00:00 0 
7f06b9e1f000-7f06b9e27000 r-xp 00000000 08:06 539292                     /usr/lib/jvm/java-8-openjdk/jre/lib/amd64/libzip.so
7f06b9e27000-7f06ba026000 ---p 00008000 08:06 539292                     /usr/lib/jvm/java-8-openjdk/jre/lib/amd64/libzip.so
7f06ba026000-7f06ba027000 rw-p 00007000 08:06 539292                     /usr/lib/jvm/java-8-openjdk/jre/lib/amd64/libzip.so
7f06ba027000-7f06ba032000 r-xp 00000000 08:06 2624591                    /usr/lib/libnss_files-2.21.so
7f06ba032000-7f06ba232000 ---p 0000b000 08:06 2624591                    /usr/lib/libnss_files-2.21.so
7f06ba232000-7f06ba233000 r--p 0000b000 08:06 2624591                    /usr/lib/libnss_files-2.21.so
7f06ba233000-7f06ba234000 rw-p 0000c000 08:06 2624591                    /usr/lib/libnss_files-2.21.so
7f06ba234000-7f06ba261000 r-xp 00000000 08:06 539293                     /usr/lib/jvm/java-8-openjdk/jre/lib/amd64/libjava.so
7f06ba261000-7f06ba461000 ---p 0002d000 08:06 539293                     /usr/lib/jvm/java-8-openjdk/jre/lib/amd64/libjava.so
7f06ba461000-7f06ba463000 rw-p 0002d000 08:06 539293                     /usr/lib/jvm/java-8-openjdk/jre/lib/amd64/libjava.so
7f06ba463000-7f06ba470000 r-xp 00000000 08:06 539284                     /usr/lib/jvm/java-8-openjdk/jre/lib/amd64/libverify.so
7f06ba470000-7f06ba66f000 ---p 0000d000 08:06 539284                     /usr/lib/jvm/java-8-openjdk/jre/lib/amd64/libverify.so
7f06ba66f000-7f06ba671000 rw-p 0000c000 08:06 539284                     /usr/lib/jvm/java-8-openjdk/jre/lib/amd64/libverify.so
7f06ba671000-7f06ba678000 r-xp 00000000 08:06 2624628                    /usr/lib/librt-2.21.so
7f06ba678000-7f06ba877000 ---p 00007000 08:06 2624628                    /usr/lib/librt-2.21.so
7f06ba877000-7f06ba878000 r--p 00006000 08:06 2624628                    /usr/lib/librt-2.21.so
7f06ba878000-7f06ba879000 rw-p 00007000 08:06 2624628                    /usr/lib/librt-2.21.so
7f06ba879000-7f06ba97c000 r-xp 00000000 08:06 2624663                    /usr/lib/libm-2.21.so
7f06ba97c000-7f06bab7b000 ---p 00103000 08:06 2624663                    /usr/lib/libm-2.21.so
7f06bab7b000-7f06bab7c000 r--p 00102000 08:06 2624663                    /usr/lib/libm-2.21.so
7f06bab7c000-7f06bab7d000 rw-p 00103000 08:06 2624663                    /usr/lib/libm-2.21.so
7f06bab7d000-7f06bb81e000 r-xp 00000000 08:06 1311783                    /usr/lib/jvm/java-8-openjdk/jre/lib/amd64/server/libjvm.so
7f06bb81e000-7f06bba1d000 ---p 00ca1000 08:06 1311783                    /usr/lib/jvm/java-8-openjdk/jre/lib/amd64/server/libjvm.so
7f06bba1d000-7f06bbae9000 rw-p 00ca0000 08:06 1311783                    /usr/lib/jvm/java-8-openjdk/jre/lib/amd64/server/libjvm.so
7f06bbae9000-7f06bbb2b000 rw-p 00000000 00:00 0 
7f06bbb2b000-7f06bbcc4000 r-xp 00000000 08:06 2624603                    /usr/lib/libc-2.21.so
7f06bbcc4000-7f06bbec3000 ---p 00199000 08:06 2624603                    /usr/lib/libc-2.21.so
7f06bbec3000-7f06bbec7000 r--p 00198000 08:06 2624603                    /usr/lib/libc-2.21.so
7f06bbec7000-7f06bbec9000 rw-p 0019c000 08:06 2624603                    /usr/lib/libc-2.21.so
7f06bbec9000-7f06bbecd000 rw-p 00000000 00:00 0 
7f06bbecd000-7f06bbed0000 r-xp 00000000 08:06 2624638                    /usr/lib/libdl-2.21.so
7f06bbed0000-7f06bc0cf000 ---p 00003000 08:06 2624638                    /usr/lib/libdl-2.21.so
7f06bc0cf000-7f06bc0d0000 r--p 00002000 08:06 2624638                    /usr/lib/libdl-2.21.so
7f06bc0d0000-7f06bc0d1000 rw-p 00003000 08:06 2624638                    /usr/lib/libdl-2.21.so
7f06bc0d1000-7f06bc0de000 r-xp 00000000 08:06 1311780                    /usr/lib/jvm/java-8-openjdk/jre/lib/amd64/jli/libjli.so
7f06bc0de000-7f06bc2de000 ---p 0000d000 08:06 1311780                    /usr/lib/jvm/java-8-openjdk/jre/lib/amd64/jli/libjli.so
7f06bc2de000-7f06bc2df000 rw-p 0000d000 08:06 1311780                    /usr/lib/jvm/java-8-openjdk/jre/lib/amd64/jli/libjli.so
7f06bc2df000-7f06bc2f4000 r-xp 00000000 08:06 2627692                    /usr/lib/libz.so.1.2.8
7f06bc2f4000-7f06bc4f3000 ---p 00015000 08:06 2627692                    /usr/lib/libz.so.1.2.8
7f06bc4f3000-7f06bc4f4000 r--p 00014000 08:06 2627692                    /usr/lib/libz.so.1.2.8
7f06bc4f4000-7f06bc4f5000 rw-p 00015000 08:06 2627692                    /usr/lib/libz.so.1.2.8
7f06bc4f5000-7f06bc50d000 r-xp 00000000 08:06 2624627                    /usr/lib/libpthread-2.21.so
7f06bc50d000-7f06bc70c000 ---p 00018000 08:06 2624627                    /usr/lib/libpthread-2.21.so
7f06bc70c000-7f06bc70d000 r--p 00017000 08:06 2624627                    /usr/lib/libpthread-2.21.so
7f06bc70d000-7f06bc70e000 rw-p 00018000 08:06 2624627                    /usr/lib/libpthread-2.21.so
7f06bc70e000-7f06bc712000 rw-p 00000000 00:00 0 
7f06bc712000-7f06bc734000 r-xp 00000000 08:06 2624658                    /usr/lib/ld-2.21.so
7f06bc73d000-7f06bc802000 rw-p 00000000 00:00 0 
7f06bc802000-7f06bc805000 ---p 00000000 00:00 0 
7f06bc805000-7f06bc907000 rw-p 00000000 00:00 0                          [stack:20580]
7f06bc913000-7f06bc928000 rw-p 00000000 00:00 0 
7f06bc928000-7f06bc930000 rw-s 00000000 00:20 956885                     /tmp/hsperfdata_iliq/20570
7f06bc930000-7f06bc931000 rw-p 00000000 00:00 0 
7f06bc931000-7f06bc932000 ---p 00000000 00:00 0 
7f06bc932000-7f06bc933000 rw-p 00000000 00:00 0 
7f06bc933000-7f06bc934000 r--p 00021000 08:06 2624658                    /usr/lib/ld-2.21.so
7f06bc934000-7f06bc935000 rw-p 00022000 08:06 2624658                    /usr/lib/ld-2.21.so
7f06bc935000-7f06bc936000 rw-p 00000000 00:00 0 
7fffd92b7000-7fffd92d8000 rw-p 00000000 00:00 0                          [stack]
7fffd9362000-7fffd9364000 r--p 00000000 00:00 0                          [vvar]
7fffd9364000-7fffd9366000 r-xp 00000000 00:00 0                          [vdso]
ffffffffff600000-ffffffffff601000 r-xp 00000000 00:00 0                  [vsyscall]

VM Arguments:
jvm_args: -Xmx1024M -Dfile.encoding=UTF-8 -Duser.country=US -Duser.language=en -Duser.variant 
java_command: com.android.dx.command.Main --dex --output /home/iliq/AndroidStudioProjects/MetLab/app/build/intermediates/pre-dexed/debug/classes-bc436f116d8f8b34c04e5ce6f9bb04226c7d6350.jar /home/iliq/AndroidStudioProjects/MetLab/app/build/intermediates/exploded-aar/com.android.support/support-v4/22.1.1/jars/classes.jar
java_class_path (initial): /home/iliq/Android/Sdk/build-tools/22.0.1/lib/dx.jar
Launcher Type: SUN_STANDARD

Environment Variables:
PATH=/usr/local/sbin:/usr/local/bin:/usr/bin:/opt/android-sdk/tools:/usr/lib/jvm/default/bin:/usr/bin/site_perl:/usr/bin/vendor_perl:/usr/bin/core_perl
USERNAME=iliq
LD_LIBRARY_PATH=/opt/android-studio/bin:
SHELL=/bin/bash
DISPLAY=:0

Signal Handlers:
SIGSEGV: [libjvm.so+0xa90890], sa_mask[0]=11111111011111111101111111111110, sa_flags=SA_RESTART|SA_SIGINFO
SIGBUS: [libjvm.so+0xa90890], sa_mask[0]=11111111011111111101111111111110, sa_flags=SA_RESTART|SA_SIGINFO
SIGFPE: [libjvm.so+0x8dac20], sa_mask[0]=11111111011111111101111111111110, sa_flags=SA_RESTART|SA_SIGINFO
SIGPIPE: [libjvm.so+0x8dac20], sa_mask[0]=11111111011111111101111111111110, sa_flags=SA_RESTART|SA_SIGINFO
SIGXFSZ: [libjvm.so+0x8dac20], sa_mask[0]=11111111011111111101111111111110, sa_flags=SA_RESTART|SA_SIGINFO
SIGILL: [libjvm.so+0x8dac20], sa_mask[0]=11111111011111111101111111111110, sa_flags=SA_RESTART|SA_SIGINFO
SIGUSR1: SIG_DFL, sa_mask[0]=00000000000000000000000000000000, sa_flags=none
SIGUSR2: [libjvm.so+0x8daad0], sa_mask[0]=00100000000000000000000000000000, sa_flags=SA_RESTART|SA_SIGINFO
SIGHUP: [libjvm.so+0x8dacf0], sa_mask[0]=11111111011111111101111111111110, sa_flags=SA_RESTART|SA_SIGINFO
SIGINT: [libjvm.so+0x8dacf0], sa_mask[0]=11111111011111111101111111111110, sa_flags=SA_RESTART|SA_SIGINFO
SIGTERM: [libjvm.so+0x8dacf0], sa_mask[0]=11111111011111111101111111111110, sa_flags=SA_RESTART|SA_SIGINFO
SIGQUIT: [libjvm.so+0x8dacf0], sa_mask[0]=11111111011111111101111111111110, sa_flags=SA_RESTART|SA_SIGINFO


---------------  S Y S T E M  ---------------

OS:NAME="Arch Linux"
ID=arch
PRETTY_NAME="Arch Linux"
ANSI_COLOR="0;36"
HOME_URL="https://www.archlinux.org/"
SUPPORT_URL="https://bbs.archlinux.org/"
BUG_REPORT_URL="https://bugs.archlinux.org/"


uname:Linux 4.0.4-2-ARCH #1 SMP PREEMPT Fri May 22 03:05:23 UTC 2015 x86_64
libc:glibc 2.21 NPTL 2.21 
rlimit: STACK 8192k, CORE 0k, NPROC 31558, NOFILE 4096, AS infinity
load average:2.02 1.88 1.80

/proc/meminfo:
MemTotal:        8084396 kB
MemFree:          108764 kB
MemAvailable:      64568 kB
Buffers:            1616 kB
Cached:          1880156 kB
SwapCached:            0 kB
Active:          5308520 kB
Inactive:        1662296 kB
Active(anon):    5288156 kB
Inactive(anon):  1646264 kB
Active(file):      20364 kB
Inactive(file):    16032 kB
Unevictable:           0 kB
Mlocked:               0 kB
SwapTotal:             0 kB
SwapFree:              0 kB
Dirty:                 0 kB
Writeback:         11136 kB
AnonPages:       5089288 kB
Mapped:          1182660 kB
Shmem:           1845096 kB
Slab:              84920 kB
SReclaimable:      44148 kB
SUnreclaim:        40772 kB
KernelStack:       11184 kB
PageTables:        42508 kB
NFS_Unstable:          0 kB
Bounce:                0 kB
WritebackTmp:          0 kB
CommitLimit:     4042196 kB
Committed_AS:   11644300 kB
VmallocTotal:   34359738367 kB
VmallocUsed:      406220 kB
VmallocChunk:   34359325288 kB
HardwareCorrupted:     0 kB
AnonHugePages:    581632 kB
HugePages_Total:       0
HugePages_Free:        0
HugePages_Rsvd:        0
HugePages_Surp:        0
Hugepagesize:       2048 kB
DirectMap4k:      360896 kB
DirectMap2M:     7931904 kB


CPU:total 4 (2 cores per cpu, 2 threads per core) family 6 model 42 stepping 7, cmov, cx8, fxsr, mmx, sse, sse2, sse3, ssse3, sse4.1, sse4.2, popcnt, avx, clmul, ht, tsc, tscinvbit

/proc/cpuinfo:
processor	: 0
vendor_id	: GenuineIntel
cpu family	: 6
model		: 42
model name	: Intel(R) Core(TM) i3-2350M CPU @ 2.30GHz
stepping	: 7
microcode	: 0x1b
cpu MHz		: 2300.000
cache size	: 3072 KB
physical id	: 0
siblings	: 4
core id		: 0
cpu cores	: 2
apicid		: 0
initial apicid	: 0
fpu		: yes
fpu_exception	: yes
cpuid level	: 13
wp		: yes
flags		: fpu vme de pse tsc msr pae mce cx8 apic sep mtrr pge mca cmov pat pse36 clflush dts acpi mmx fxsr sse sse2 ss ht tm pbe syscall nx rdtscp lm constant_tsc arch_perfmon pebs bts rep_good nopl xtopology nonstop_tsc aperfmperf eagerfpu pni pclmulqdq dtes64 monitor ds_cpl vmx est tm2 ssse3 cx16 xtpr pdcm pcid sse4_1 sse4_2 x2apic popcnt tsc_deadline_timer xsave avx lahf_lm arat epb pln pts dtherm tpr_shadow vnmi flexpriority ept vpid xsaveopt
bugs		:
bogomips	: 4591.51
clflush size	: 64
cache_alignment	: 64
address sizes	: 36 bits physical, 48 bits virtual
power management:

processor	: 1
vendor_id	: GenuineIntel
cpu family	: 6
model		: 42
model name	: Intel(R) Core(TM) i3-2350M CPU @ 2.30GHz
stepping	: 7
microcode	: 0x1b
cpu MHz		: 2299.910
cache size	: 3072 KB
physical id	: 0
siblings	: 4
core id		: 1
cpu cores	: 2
apicid		: 2
initial apicid	: 2
fpu		: yes
fpu_exception	: yes
cpuid level	: 13
wp		: yes
flags		: fpu vme de pse tsc msr pae mce cx8 apic sep mtrr pge mca cmov pat pse36 clflush dts acpi mmx fxsr sse sse2 ss ht tm pbe syscall nx rdtscp lm constant_tsc arch_perfmon pebs bts rep_good nopl xtopology nonstop_tsc aperfmperf eagerfpu pni pclmulqdq dtes64 monitor ds_cpl vmx est tm2 ssse3 cx16 xtpr pdcm pcid sse4_1 sse4_2 x2apic popcnt tsc_deadline_timer xsave avx lahf_lm arat epb pln pts dtherm tpr_shadow vnmi flexpriority ept vpid xsaveopt
bugs		:
bogomips	: 4591.51
clflush size	: 64
cache_alignment	: 64
address sizes	: 36 bits physical, 48 bits virtual
power management:

processor	: 2
vendor_id	: GenuineIntel
cpu family	: 6
model		: 42
model name	: Intel(R) Core(TM) i3-2350M CPU @ 2.30GHz
stepping	: 7
microcode	: 0x1b
cpu MHz		: 2300.000
cache size	: 3072 KB
physical id	: 0
siblings	: 4
core id		: 0
cpu cores	: 2
apicid		: 1
initial apicid	: 1
fpu		: yes
fpu_exception	: yes
cpuid level	: 13
wp		: yes
flags		: fpu vme de pse tsc msr pae mce cx8 apic sep mtrr pge mca cmov pat pse36 clflush dts acpi mmx fxsr sse sse2 ss ht tm pbe syscall nx rdtscp lm constant_tsc arch_perfmon pebs bts rep_good nopl xtopology nonstop_tsc aperfmperf eagerfpu pni pclmulqdq dtes64 monitor ds_cpl vmx est tm2 ssse3 cx16 xtpr pdcm pcid sse4_1 sse4_2 x2apic popcnt tsc_deadline_timer xsave avx lahf_lm arat epb pln pts dtherm tpr_shadow vnmi flexpriority ept vpid xsaveopt
bugs		:
bogomips	: 4591.51
clflush size	: 64
cache_alignment	: 64
address sizes	: 36 bits physical, 48 bits virtual
power management:

processor	: 3
vendor_id	: GenuineIntel
cpu family	: 6
model		: 42
model name	: Intel(R) Core(TM) i3-2350M CPU @ 2.30GHz
stepping	: 7
microcode	: 0x1b
cpu MHz		: 2299.910
cache size	: 3072 KB
physical id	: 0
siblings	: 4
core id		: 1
cpu cores	: 2
apicid		: 3
initial apicid	: 3
fpu		: yes
fpu_exception	: yes
cpuid level	: 13
wp		: yes
flags		: fpu vme de pse tsc msr pae mce cx8 apic sep mtrr pge mca cmov pat pse36 clflush dts acpi mmx fxsr sse sse2 ss ht tm pbe syscall nx rdtscp lm constant_tsc arch_perfmon pebs bts rep_good nopl xtopology nonstop_tsc aperfmperf eagerfpu pni pclmulqdq dtes64 monitor ds_cpl vmx est tm2 ssse3 cx16 xtpr pdcm pcid sse4_1 sse4_2 x2apic popcnt tsc_deadline_timer xsave avx lahf_lm arat epb pln pts dtherm tpr_shadow vnmi flexpriority ept vpid xsaveopt
bugs		:
bogomips	: 4591.51
clflush size	: 64
cache_alignment	: 64
address sizes	: 36 bits physical, 48 bits virtual
power management:



Memory: 4k page, physical 8084396k(108764k free), swap 0k(0k free)

vm_info: OpenJDK 64-Bit Server VM (25.45-b02) for linux-amd64 JRE (1.8.0_45-b14), built on Apr 20 2015 17:04:34 by "builduser" with gcc 4.9.2 20150304 (prerelease)

time: Sun Jun  7 14:02:40 2015
elapsed time: 9 seconds (0d 0h 0m 9s)

